+==========================================+
| Battle #1                                |
+==========================================+
| Party Member        Enemy                |
| ------------        -----                |
| 1                   3                    |
| 2                   3                    |
| 3                   1                    |
| 4                   2                    |
+==========================================+
| WDF: 1.767          LDF: 0.000           |
+==========================================+

+==========================================+
| Battle #2                                |
+==========================================+
| Party Member        Enemy                |
| ------------        -----                |
| 1                   1                    |
+==========================================+
| WDF: 2.000          LDF: 2.000           |
+==========================================+

+==========================================+
| Battle #3                                |
+==========================================+
| Party Member        Enemy                |
| ------------        -----                |
| 1                   3                    |
| 2                   4                    |
| 3                   6                    |
| 4                   7                    |
| 5                   8                    |
+==========================================+
| WDF: 1.075          LDF: 3.000           |
+==========================================+

+==========================================+
| Battle #4                                |
+==========================================+
| Party Member        Enemy                |
| ------------        -----                |
| 1                   1                    |
| 2                   1                    |
| 3                   1                    |
| 4                   1                    |
| 5                   1                    |
+==========================================+
| WDF: 0.000          LDF: 0.063           |
+==========================================+

+==========================================+
| Battle #5                                |
+==========================================+
| Party Member        Enemy                |
| ------------        -----                |
| 1                   1                    |
| 2                   1                    |
| 3                   1                    |
+==========================================+
| WDF: 0.000          LDF: 2.250           |
+==========================================+

+==========================================+
| Battle #6                                |
+==========================================+
| Party Member        Enemy                |
| ------------        -----                |
| 1                   1                    |
| 2                   2                    |
| 3                   3                    |
| 4                   4                    |
| 5                   5                    |
+==========================================+
| WDF: 2.942          LDF: 3.000           |
+==========================================+

+==========================================+
| Battle #7                                |
+==========================================+
| Party Member        Enemy                |
| ------------        -----                |
| 1                   5                    |
| 2                   1                    |
| 3                   2                    |
| 4                   3                    |
| 5                   4                    |
+==========================================+
| WDF: 0.143          LDF: 3.909           |
+==========================================+

+==========================================+
| Battle #8                                |
+==========================================+
| Party Member        Enemy                |
| ------------        -----                |
| 1                   1                    |
| 2                   1                    |
| 3                   1                    |
| 4                   1                    |
| 5                   1                    |
+==========================================+
| WDF: 0.000          LDF: 5.000           |
+==========================================+

+==========================================+
| Battle #9                                |
+==========================================+
| Party Member        Enemy                |
| ------------        -----                |
| 1                   1                    |
| 2                   2                    |
| 3                   3                    |
| 4                   4                    |
| 5                   5                    |
+==========================================+
| WDF: 163830.000     LDF: 0.000           |
+==========================================+

+==========================================+
| Battle #10                               |
+==========================================+
| Party Member        Enemy                |
| ------------        -----                |
| 1                   1                    |
+==========================================+
| WDF: 0.000          LDF: 0.400           |
+==========================================+

+==========================================+
| Battle #11                               |
+==========================================+
| Party Member        Enemy                |
| ------------        -----                |
| 1                   1                    |
+==========================================+
| WDF: 0.667          LDF: 0.000           |
+==========================================+

